<?xml version="1.0" encoding="UTF-8"?>
<testsuite xmlns:xsi="http://www.w3.org/2001/XMLSchema-instance" xsi:noNamespaceSchemaLocation="https://maven.apache.org/surefire/maven-surefire-plugin/xsd/surefire-test-report.xsd" name="ps.checkpoint.CalculatorTest" time="0.056" tests="6" errors="0" skipped="0" failures="0">
  <properties>
    <property name="java.specification.version" value="21"/>
    <property name="sun.cpu.isalist" value="amd64"/>
    <property name="sun.jnu.encoding" value="Cp1252"/>
    <property name="java.class.path" value="C:\Users\sanrocha\Documents\Chechpoints\CI-CD Training\Checkpoint\calculator\target\test-classes;C:\Users\sanrocha\Documents\Chechpoints\CI-CD Training\Checkpoint\calculator\target\classes;C:\Users\sanrocha\.m2\repository\junit\junit\4.11\junit-4.11.jar;C:\Users\sanrocha\.m2\repository\org\hamcrest\hamcrest-core\1.3\hamcrest-core-1.3.jar;"/>
    <property name="java.vm.vendor" value="Eclipse Adoptium"/>
    <property name="sun.arch.data.model" value="64"/>
    <property name="user.variant" value=""/>
    <property name="java.vendor.url" value="https://adoptium.net/"/>
    <property name="user.timezone" value="America/Bogota"/>
    <property name="os.name" value="Windows 11"/>
    <property name="java.vm.specification.version" value="21"/>
    <property name="sun.java.launcher" value="SUN_STANDARD"/>
    <property name="user.country" value="US"/>
    <property name="sun.boot.library.path" value="C:\Program Files\Eclipse Adoptium\jdk-21.0.2.13-hotspot\bin"/>
    <property name="sun.java.command" value="C:\Users\sanrocha\AppData\Local\Temp\surefire16622012662452379156\surefirebooter11555029079556023598.jar C:\Users\sanrocha\AppData\Local\Temp\surefire16622012662452379156 2024-04-06T18-35-48_191-jvmRun1 surefire11555206343651004171tmp surefire_017166526849156524751tmp"/>
    <property name="jdk.debug" value="release"/>
    <property name="surefire.test.class.path" value="C:\Users\sanrocha\Documents\Chechpoints\CI-CD Training\Checkpoint\calculator\target\test-classes;C:\Users\sanrocha\Documents\Chechpoints\CI-CD Training\Checkpoint\calculator\target\classes;C:\Users\sanrocha\.m2\repository\junit\junit\4.11\junit-4.11.jar;C:\Users\sanrocha\.m2\repository\org\hamcrest\hamcrest-core\1.3\hamcrest-core-1.3.jar;"/>
    <property name="sun.cpu.endian" value="little"/>
    <property name="user.home" value="C:\Users\sanrocha"/>
    <property name="user.language" value="en"/>
    <property name="java.specification.vendor" value="Oracle Corporation"/>
    <property name="java.version.date" value="2024-01-16"/>
    <property name="java.home" value="C:\Program Files\Eclipse Adoptium\jdk-21.0.2.13-hotspot"/>
    <property name="file.separator" value="\"/>
    <property name="basedir" value="C:\Users\sanrocha\Documents\Chechpoints\CI-CD Training\Checkpoint\calculator"/>
    <property name="java.vm.compressedOopsMode" value="Zero based"/>
    <property name="line.separator" value="&#10;"/>
    <property name="java.vm.specification.vendor" value="Oracle Corporation"/>
    <property name="java.specification.name" value="Java Platform API Specification"/>
    <property name="surefire.real.class.path" value="C:\Users\sanrocha\AppData\Local\Temp\surefire16622012662452379156\surefirebooter11555029079556023598.jar"/>
    <property name="user.script" value=""/>
    <property name="sun.management.compiler" value="HotSpot 64-Bit Tiered Compilers"/>
    <property name="java.runtime.version" value="21.0.2+13-LTS"/>
    <property name="user.name" value="sanrocha"/>
    <property name="stdout.encoding" value="Cp1252"/>
    <property name="path.separator" value=";"/>
    <property name="os.version" value="10.0"/>
    <property name="java.runtime.name" value="OpenJDK Runtime Environment"/>
    <property name="file.encoding" value="UTF-8"/>
    <property name="java.vm.name" value="OpenJDK 64-Bit Server VM"/>
    <property name="java.vendor.version" value="Temurin-21.0.2+13"/>
    <property name="localRepository" value="C:\Users\sanrocha\.m2\repository"/>
    <property name="java.vendor.url.bug" value="https://github.com/adoptium/adoptium-support/issues"/>
    <property name="java.io.tmpdir" value="C:\Users\sanrocha\AppData\Local\Temp\"/>
    <property name="java.version" value="21.0.2"/>
    <property name="user.dir" value="C:\Users\sanrocha\Documents\Chechpoints\CI-CD Training\Checkpoint\calculator"/>
    <property name="os.arch" value="amd64"/>
    <property name="java.vm.specification.name" value="Java Virtual Machine Specification"/>
    <property name="sun.os.patch.level" value=""/>
    <property name="native.encoding" value="Cp1252"/>
    <property name="java.library.path" value="C:\Program Files\Eclipse Adoptium\jdk-21.0.2.13-hotspot\bin;C:\WINDOWS\Sun\Java\bin;C:\WINDOWS\system32;C:\WINDOWS;C:\Program Files\Eclipse Adoptium\jdk-21.0.2.13-hotspot\bin;C:\Program Files\Microsoft\jdk-17.0.7.7-hotspot\bin;C:\Program Files\Eclipse Adoptium\jdk-8.0.402.6-hotspot\bin;C:\Program Files\Python312\Scripts\;C:\Program Files\Python312\;C:\WINDOWS\system32;C:\WINDOWS;C:\WINDOWS\System32\Wbem;C:\WINDOWS\System32\WindowsPowerShell\v1.0\;C:\WINDOWS\System32\OpenSSH\;C:\Program Files (x86)\CheckPoint\Endpoint Security\Endpoint Common\bin;C:\Program Files\dotnet\;C:\Program Files\WindowsPowerShell\Scripts\HP.ClientScriptLibrary;C:\Program Files (x86)\Box\Box Edit\;C:\Program Files\Git\cmd;C:\Program Files\Microsoft VS Code\bin;C:\Users\sanrocha\Documents\Java\jdk-21_windows-x64_bin\jdk-21.0.2\bin;C:\Program Files\nodejs\;C:\Program Files\Docker\Docker\resources\bin;C:\Users\sanrocha\AppData\Local\Microsoft\WindowsApps;C:\Users\sanrocha\Documents\Maven\apache-maven-3.9.6\bin;C:\Users\sanrocha\AppData\Roaming\npm;."/>
    <property name="java.vm.info" value="mixed mode, sharing"/>
    <property name="stderr.encoding" value="Cp1252"/>
    <property name="java.vendor" value="Eclipse Adoptium"/>
    <property name="java.vm.version" value="21.0.2+13-LTS"/>
    <property name="sun.io.unicode.encoding" value="UnicodeLittle"/>
    <property name="java.class.version" value="65.0"/>
  </properties>
  <testcase name="testDivideByZero" classname="ps.checkpoint.CalculatorTest" time="0.012"/>
  <testcase name="testAdd" classname="ps.checkpoint.CalculatorTest" time="0"/>
  <testcase name="testMod" classname="ps.checkpoint.CalculatorTest" time="0"/>
  <testcase name="testSubtract" classname="ps.checkpoint.CalculatorTest" time="0"/>
  <testcase name="testDivide" classname="ps.checkpoint.CalculatorTest" time="0"/>
  <testcase name="testMultiply" classname="ps.checkpoint.CalculatorTest" time="0"/>
</testsuite>